<?xml version="1.0" encoding="UTF-8"?>
<testng-results skipped="0" failed="0" total="1" passed="1">
  <reporter-output>
  </reporter-output>
  <suite name="Etherscan UI Automation" duration-ms="42814" started-at="2021-11-30T15:11:03Z" finished-at="2021-11-30T15:11:46Z">
    <groups>
    </groups>
    <test name="TestGeneralUseCasesEvents01" duration-ms="20016" started-at="2021-11-30T15:11:03Z" finished-at="2021-11-30T15:11:23Z">
      <class name="com.etherscan.executors.Base">
        <test-method status="PASS" signature="beforeClass(java.lang.String)[pri:0, instance:com.etherscan.executors.Base@31add175]" name="beforeClass" is-config="true" duration-ms="16447" started-at="2021-11-30T20:41:03Z" finished-at="2021-11-30T20:41:19Z">
          <params>
            <param index="0">
              <value>
                <![CDATA[C:\workspace\etherscan\testSuite\registration.json]]>
              </value>
            </param>
          </params>
          <reporter-output>
          </reporter-output>
        </test-method> <!-- beforeClass -->
        <test-method status="PASS" signature="afterClass()[pri:0, instance:com.etherscan.executors.Base@31add175]" name="afterClass" is-config="true" duration-ms="3550" started-at="2021-11-30T20:41:19Z" finished-at="2021-11-30T20:41:23Z">
          <reporter-output>
          </reporter-output>
        </test-method> <!-- afterClass -->
      </class> <!-- com.etherscan.executors.Base -->
    </test> <!-- TestGeneralUseCasesEvents01 -->
    <test name="RegistrationValidatorTest" duration-ms="42814" started-at="2021-11-30T15:11:03Z" finished-at="2021-11-30T15:11:46Z">
      <class name="com.etherscan.executors.RegistrationValidator">
        <test-method status="PASS" signature="function(java.lang.String)[pri:0, instance:com.etherscan.executors.RegistrationValidator@74bf1791]" name="function" duration-ms="42730" started-at="2021-11-30T20:41:03Z" finished-at="2021-11-30T20:41:46Z">
          <params>
            <param index="0">
              <value>
                <![CDATA[C:\workspace\etherscan\testSuite\registration.json]]>
              </value>
            </param>
          </params>
          <reporter-output>
          </reporter-output>
        </test-method> <!-- function -->
      </class> <!-- com.etherscan.executors.RegistrationValidator -->
    </test> <!-- RegistrationValidatorTest -->
  </suite> <!-- Etherscan UI Automation -->
</testng-results>
